<?xml version="1.0" encoding="UTF-8"?>
<!-- Generated by org.testng.reporters.JUnitXMLReporter -->
<testsuite hostname="DESKTOP-TBQOJQQ" ignored="0" name="Default test" tests="10" failures="0" timestamp="21 Mar 2019 03:31:20 GMT" time="70.933" errors="0">
  <testcase name="TestAUT" time="5.988" classname="module9.DDT"/>
  <testcase name="TestAUT" time="5.74" classname="module9.DDT"/>
  <testcase name="TestAUT" time="5.686" classname="module9.DDT"/>
  <testcase name="TestAUT" time="5.671" classname="module9.DDT"/>
  <testcase name="TestAUT" time="5.627" classname="module9.DDT"/>
  <testcase name="TestAUT" time="5.676" classname="module9.DDT"/>
  <testcase name="TestAUT" time="5.691" classname="module9.DDT"/>
  <testcase name="TestAUT" time="5.683" classname="module9.DDT"/>
  <testcase name="TestAUT" time="5.678" classname="module9.DDT"/>
  <testcase name="TestAUT" time="5.655" classname="module9.DDT"/>
</testsuite> <!-- Default test -->
