<?xml version="1.0" encoding="UTF-8"?>
<!-- Generated by org.testng.reporters.JUnitXMLReporter -->
<testsuite hostname="DESKTOP-TBQOJQQ" ignored="0" name="Default test" tests="9" failures="0" timestamp="19 Mar 2019 02:03:28 GMT" time="0.193" errors="0">
  <testcase name="TC1" time="0.012" classname="module6.Grouping"/>
  <testcase name="TC2" time="0.012" classname="module6.Grouping"/>
  <testcase name="TC3" time="0.003" classname="module6.Grouping"/>
  <testcase name="TC4" time="0.002" classname="module6.Grouping"/>
  <testcase name="TC5" time="0.007" classname="module6.Grouping"/>
  <testcase name="TC6" time="0.008" classname="module6.Grouping"/>
  <testcase name="TC7" time="0.013" classname="module6.Grouping"/>
  <testcase name="TC8" time="0.002" classname="module6.Grouping"/>
  <testcase name="TC9" time="0.004" classname="module6.Grouping"/>
</testsuite> <!-- Default test -->
