<?xml version="1.0" encoding="UTF-8"?>
<!-- Generated by org.testng.reporters.JUnitXMLReporter -->
<testsuite hostname="DESKTOP-TBQOJQQ" ignored="5" name="WebSiteTest" tests="4" failures="0" timestamp="19 Mar 2019 02:14:24 GMT" time="0.096" errors="0">
  <testcase name="TC1" time="0.013" classname="module6.Grouping"/>
  <testcase name="TC4" time="0.004" classname="module6.Grouping"/>
  <testcase name="TC7" time="0.001" classname="module6.Grouping"/>
  <testcase name="TC9" time="0.003" classname="module6.Grouping"/>
  <testcase name="TC5" time="0.0" classname="module6.Grouping">
    <ignored/>
  </testcase> <!-- TC5 -->
  <testcase name="TC6" time="0.0" classname="module6.Grouping">
    <ignored/>
  </testcase> <!-- TC6 -->
  <testcase name="TC2" time="0.0" classname="module6.Grouping">
    <ignored/>
  </testcase> <!-- TC2 -->
  <testcase name="TC3" time="0.0" classname="module6.Grouping">
    <ignored/>
  </testcase> <!-- TC3 -->
  <testcase name="TC8" time="0.0" classname="module6.Grouping">
    <ignored/>
  </testcase> <!-- TC8 -->
</testsuite> <!-- WebSiteTest -->
