<?xml version="1.0" encoding="UTF-8"?>
<testng-results skipped="0" failed="0" ignored="0" total="10" passed="10">
  <reporter-output>
  </reporter-output>
  <suite name="Default suite" duration-ms="70933" started-at="2019-03-21T03:30:09Z" finished-at="2019-03-21T03:31:20Z">
    <groups>
    </groups>
    <test name="Default test" duration-ms="70933" started-at="2019-03-21T03:30:09Z" finished-at="2019-03-21T03:31:20Z">
      <class name="module9.DDT">
        <test-method status="PASS" signature="OpenAUT()[pri:0, instance:module9.DDT@6b9651f3]" name="OpenAUT" is-config="true" duration-ms="11498" started-at="2019-03-21T03:30:09Z" finished-at="2019-03-21T03:30:21Z">
          <reporter-output>
          </reporter-output>
        </test-method> <!-- OpenAUT -->
        <test-method status="PASS" signature="TestAUT(java.lang.String, java.lang.String, java.lang.String)[pri:0, instance:module9.DDT@6b9651f3]" name="TestAUT" duration-ms="5988" started-at="2019-03-21T03:30:21Z" data-provider="DP" finished-at="2019-03-21T03:30:27Z">
          <params>
            <param index="0">
              <value>
                <![CDATA[Amit]]>
              </value>
            </param>
            <param index="1">
              <value>
                <![CDATA[Jain]]>
              </value>
            </param>
            <param index="2">
              <value>
                <![CDATA[Gujrat]]>
              </value>
            </param>
          </params>
          <reporter-output>
          </reporter-output>
        </test-method> <!-- TestAUT -->
        <test-method status="PASS" signature="TestAUT(java.lang.String, java.lang.String, java.lang.String)[pri:0, instance:module9.DDT@6b9651f3]" name="TestAUT" duration-ms="5740" started-at="2019-03-21T03:30:27Z" data-provider="DP" finished-at="2019-03-21T03:30:33Z">
          <params>
            <param index="0">
              <value>
                <![CDATA[Sam]]>
              </value>
            </param>
            <param index="1">
              <value>
                <![CDATA[Joseph]]>
              </value>
            </param>
            <param index="2">
              <value>
                <![CDATA[Goa]]>
              </value>
            </param>
          </params>
          <reporter-output>
          </reporter-output>
        </test-method> <!-- TestAUT -->
        <test-method status="PASS" signature="TestAUT(java.lang.String, java.lang.String, java.lang.String)[pri:0, instance:module9.DDT@6b9651f3]" name="TestAUT" duration-ms="5686" started-at="2019-03-21T03:30:33Z" data-provider="DP" finished-at="2019-03-21T03:30:39Z">
          <params>
            <param index="0">
              <value>
                <![CDATA[Sumit]]>
              </value>
            </param>
            <param index="1">
              <value>
                <![CDATA[Pandey]]>
              </value>
            </param>
            <param index="2">
              <value>
                <![CDATA[Delhi]]>
              </value>
            </param>
          </params>
          <reporter-output>
          </reporter-output>
        </test-method> <!-- TestAUT -->
        <test-method status="PASS" signature="TestAUT(java.lang.String, java.lang.String, java.lang.String)[pri:0, instance:module9.DDT@6b9651f3]" name="TestAUT" duration-ms="5671" started-at="2019-03-21T03:30:39Z" data-provider="DP" finished-at="2019-03-21T03:30:44Z">
          <params>
            <param index="0">
              <value>
                <![CDATA[James]]>
              </value>
            </param>
            <param index="1">
              <value>
                <![CDATA[Desuza]]>
              </value>
            </param>
            <param index="2">
              <value>
                <![CDATA[Mumbai]]>
              </value>
            </param>
          </params>
          <reporter-output>
          </reporter-output>
        </test-method> <!-- TestAUT -->
        <test-method status="PASS" signature="TestAUT(java.lang.String, java.lang.String, java.lang.String)[pri:0, instance:module9.DDT@6b9651f3]" name="TestAUT" duration-ms="5627" started-at="2019-03-21T03:30:44Z" data-provider="DP" finished-at="2019-03-21T03:30:50Z">
          <params>
            <param index="0">
              <value>
                <![CDATA[Rohit]]>
              </value>
            </param>
            <param index="1">
              <value>
                <![CDATA[Joshi]]>
              </value>
            </param>
            <param index="2">
              <value>
                <![CDATA[Pune]]>
              </value>
            </param>
          </params>
          <reporter-output>
          </reporter-output>
        </test-method> <!-- TestAUT -->
        <test-method status="PASS" signature="TestAUT(java.lang.String, java.lang.String, java.lang.String)[pri:0, instance:module9.DDT@6b9651f3]" name="TestAUT" duration-ms="5676" started-at="2019-03-21T03:30:50Z" data-provider="DP" finished-at="2019-03-21T03:30:56Z">
          <params>
            <param index="0">
              <value>
                <![CDATA[Jain]]>
              </value>
            </param>
            <param index="1">
              <value>
                <![CDATA[Amit]]>
              </value>
            </param>
            <param index="2">
              <value>
                <![CDATA[Gujrat]]>
              </value>
            </param>
          </params>
          <reporter-output>
          </reporter-output>
        </test-method> <!-- TestAUT -->
        <test-method status="PASS" signature="TestAUT(java.lang.String, java.lang.String, java.lang.String)[pri:0, instance:module9.DDT@6b9651f3]" name="TestAUT" duration-ms="5691" started-at="2019-03-21T03:30:56Z" data-provider="DP" finished-at="2019-03-21T03:31:01Z">
          <params>
            <param index="0">
              <value>
                <![CDATA[Joseph]]>
              </value>
            </param>
            <param index="1">
              <value>
                <![CDATA[Sam]]>
              </value>
            </param>
            <param index="2">
              <value>
                <![CDATA[Goa]]>
              </value>
            </param>
          </params>
          <reporter-output>
          </reporter-output>
        </test-method> <!-- TestAUT -->
        <test-method status="PASS" signature="TestAUT(java.lang.String, java.lang.String, java.lang.String)[pri:0, instance:module9.DDT@6b9651f3]" name="TestAUT" duration-ms="5683" started-at="2019-03-21T03:31:01Z" data-provider="DP" finished-at="2019-03-21T03:31:07Z">
          <params>
            <param index="0">
              <value>
                <![CDATA[Pandey]]>
              </value>
            </param>
            <param index="1">
              <value>
                <![CDATA[Sumit]]>
              </value>
            </param>
            <param index="2">
              <value>
                <![CDATA[Delhi]]>
              </value>
            </param>
          </params>
          <reporter-output>
          </reporter-output>
        </test-method> <!-- TestAUT -->
        <test-method status="PASS" signature="TestAUT(java.lang.String, java.lang.String, java.lang.String)[pri:0, instance:module9.DDT@6b9651f3]" name="TestAUT" duration-ms="5678" started-at="2019-03-21T03:31:07Z" data-provider="DP" finished-at="2019-03-21T03:31:13Z">
          <params>
            <param index="0">
              <value>
                <![CDATA[Desuza]]>
              </value>
            </param>
            <param index="1">
              <value>
                <![CDATA[James]]>
              </value>
            </param>
            <param index="2">
              <value>
                <![CDATA[Mumbai]]>
              </value>
            </param>
          </params>
          <reporter-output>
          </reporter-output>
        </test-method> <!-- TestAUT -->
        <test-method status="PASS" signature="TestAUT(java.lang.String, java.lang.String, java.lang.String)[pri:0, instance:module9.DDT@6b9651f3]" name="TestAUT" duration-ms="5655" started-at="2019-03-21T03:31:13Z" data-provider="DP" finished-at="2019-03-21T03:31:18Z">
          <params>
            <param index="0">
              <value>
                <![CDATA[Joshi]]>
              </value>
            </param>
            <param index="1">
              <value>
                <![CDATA[Rohit]]>
              </value>
            </param>
            <param index="2">
              <value>
                <![CDATA[Pune]]>
              </value>
            </param>
          </params>
          <reporter-output>
          </reporter-output>
        </test-method> <!-- TestAUT -->
        <test-method status="PASS" signature="CloseBrowser()[pri:0, instance:module9.DDT@6b9651f3]" name="CloseBrowser" is-config="true" duration-ms="1650" started-at="2019-03-21T03:31:18Z" finished-at="2019-03-21T03:31:20Z">
          <reporter-output>
          </reporter-output>
        </test-method> <!-- CloseBrowser -->
      </class> <!-- module9.DDT -->
    </test> <!-- Default test -->
  </suite> <!-- Default suite -->
</testng-results>
