<?xml version="1.0" encoding="UTF-8"?>
<testng-results skipped="0" failed="0" ignored="0" total="2" passed="2">
  <reporter-output>
  </reporter-output>
  <suite name="Main Test Suite" duration-ms="15387" started-at="2019-03-25T02:22:09Z" finished-at="2019-03-25T02:22:24Z">
    <groups>
    </groups>
    <test name="TestNG Grid1" duration-ms="15387" started-at="2019-03-25T02:22:09Z" finished-at="2019-03-25T02:22:24Z">
      <class name="module7.GridExampleTest">
        <test-method status="PASS" signature="setUp()[pri:0, instance:module7.GridExampleTest@45820e51]" name="setUp" is-config="true" duration-ms="6954" started-at="2019-03-25T02:22:09Z" finished-at="2019-03-25T02:22:16Z">
          <reporter-output>
          </reporter-output>
        </test-method> <!-- setUp -->
        <test-method status="PASS" signature="testGooglePageTitle()[pri:0, instance:module7.GridExampleTest@45820e51]" name="testGooglePageTitle" duration-ms="6539" started-at="2019-03-25T02:22:16Z" finished-at="2019-03-25T02:22:22Z">
          <reporter-output>
          </reporter-output>
        </test-method> <!-- testGooglePageTitle -->
        <test-method status="PASS" signature="closeBrowser()[pri:0, instance:module7.GridExampleTest@45820e51]" name="closeBrowser" is-config="true" duration-ms="1870" started-at="2019-03-25T02:22:22Z" finished-at="2019-03-25T02:22:24Z">
          <reporter-output>
          </reporter-output>
        </test-method> <!-- closeBrowser -->
      </class> <!-- module7.GridExampleTest -->
    </test> <!-- TestNG Grid1 -->
    <test name="TestNG Grid2" duration-ms="15387" started-at="2019-03-25T02:22:09Z" finished-at="2019-03-25T02:22:24Z">
      <class name="module7.GridExampleTest">
        <test-method status="PASS" signature="setUp()[pri:0, instance:module7.GridExampleTest@1b26f7b2]" name="setUp" is-config="true" duration-ms="6919" started-at="2019-03-25T02:22:09Z" finished-at="2019-03-25T02:22:16Z">
          <reporter-output>
          </reporter-output>
        </test-method> <!-- setUp -->
        <test-method status="PASS" signature="testGooglePageTitle()[pri:0, instance:module7.GridExampleTest@1b26f7b2]" name="testGooglePageTitle" duration-ms="5424" started-at="2019-03-25T02:22:16Z" finished-at="2019-03-25T02:22:21Z">
          <reporter-output>
          </reporter-output>
        </test-method> <!-- testGooglePageTitle -->
        <test-method status="PASS" signature="closeBrowser()[pri:0, instance:module7.GridExampleTest@1b26f7b2]" name="closeBrowser" is-config="true" duration-ms="2995" started-at="2019-03-25T02:22:21Z" finished-at="2019-03-25T02:22:24Z">
          <reporter-output>
          </reporter-output>
        </test-method> <!-- closeBrowser -->
      </class> <!-- module7.GridExampleTest -->
    </test> <!-- TestNG Grid2 -->
  </suite> <!-- Main Test Suite -->
</testng-results>
